GET /admins/Kadapa 95.582 ms
GET /admins/Kadapa 55.021 ms
GET /complaints/draftComplaints 162.418 ms
GET /complaints/draftComplaints 87.292 ms
GET /messages/sentMessages 5.162 ms
GET /messages/sentMessages 1.711 ms
GET /complaints/sentComplaints 148.491 ms
GET /complaints/sentComplaints 143.154 ms
GET /upload/profilepic-1680626303685.png 4.537 ms
GET /upload/profilepic-1680626303685.png 3.830 ms
GET /upload/profilepic-1680626303685.png 1.599 ms
PUT /upload/profilepic 282.941 ms
GET /upload/profilepic-1680629383395.png 1.870 ms
GET /docs 11.358 ms
GET /docs/ 7.163 ms
GET /docs/swagger-ui-init.js 0.522 ms
GET /docs/swagger-ui.css 15.686 ms
GET /docs/swagger-ui-standalone-preset.js 14.040 ms
GET /docs/swagger-ui-bundle.js 15.768 ms
GET /docs/favicon-32x32.png 3.832 ms
GET /docs/ 13.739 ms
GET /docs/swagger-ui.css 13.050 ms
GET /docs/swagger-ui-bundle.js 11.302 ms
GET /docs/swagger-ui-init.js 1.810 ms
GET /docs/swagger-ui-standalone-preset.js 16.190 ms
GET /docs/favicon-32x32.png 1.253 ms
GET /sentComplaints 7.459 ms
GET /docs/ 25.071 ms
GET /docs/swagger-ui.css 8.056 ms
GET /docs/swagger-ui-bundle.js 7.965 ms
GET /docs/swagger-ui-standalone-preset.js 8.646 ms
GET /docs/swagger-ui-init.js 1.668 ms
GET /docs/favicon-32x32.png 3.846 ms
GET /sentComplaints 4.679 ms
GET /docs/ 5.032 ms
GET /docs/swagger-ui.css 2.940 ms
GET /docs/swagger-ui-bundle.js 2.668 ms
GET /docs/swagger-ui-init.js 0.586 ms
GET /docs/swagger-ui-standalone-preset.js 2.943 ms
GET /docs/favicon-32x32.png 0.672 ms
POST /login 0.630 ms
POST /login 0.162 ms
GET /messages/sentMessages 1.463 ms
GET /messages/sentMessages 0.495 ms
GET /complaints/sentComplaints 352.542 ms
GET /complaints/sentComplaints 194.400 ms
GET /upload/profilepic-1680629383395.png 4.998 ms
GET /upload/profilepic-1680629383395.png 3.513 ms
GET /upload/profilepic-1680629383395.png 1.604 ms
GET /admins/Kadapa 98.093 ms
GET /complaints/draftComplaints 90.987 ms
GET /admins/Kadapa 358.167 ms
GET /complaints/draftComplaints 456.750 ms
POST /complaints/send 221.186 ms
GET /messages/sentMessages 1.227 ms
GET /messages/sentMessages 0.655 ms
GET /complaints/sentComplaints 193.042 ms
GET /complaints/sentComplaints 236.615 ms
GET /admins/Kadapa 80.697 ms
GET /complaints/draftComplaints 85.485 ms
GET /admins/Kadapa 71.572 ms
GET /complaints/draftComplaints 122.922 ms
GET /messages/sentMessages 0.813 ms
GET /messages/sentMessages 0.501 ms
GET /complaints/sentComplaints 126.480 ms
GET /complaints/sentComplaints 198.537 ms
GET /messages/sentMessages 0.812 ms
GET /messages/sentMessages 0.533 ms
GET /complaints/sentComplaints 180.420 ms
GET /complaints/sentComplaints 173.826 ms
GET /messages/sentMessages 0.622 ms
GET /messages/sentMessages 0.807 ms
GET /complaints/sentComplaints 171.264 ms
GET /complaints/sentComplaints 175.134 ms
GET /messages/sentMessages 0.559 ms
GET /messages/sentMessages 0.799 ms
GET /complaints/sentComplaints 185.312 ms
GET /complaints/sentComplaints 203.504 ms
GET /admins/Kadapa 76.031 ms
GET /complaints/draftComplaints 83.465 ms
GET /admins/Kadapa 73.803 ms
GET /complaints/draftComplaints 155.207 ms
GET /messages/sentMessages 0.868 ms
GET /messages/sentMessages 0.688 ms
GET /complaints/sentComplaints 630.178 ms
GET /complaints/sentComplaints 124.488 ms
GET /messages/sentMessages 0.636 ms
GET /messages/sentMessages 0.436 ms
GET /complaints/sentComplaints 165.939 ms
GET /complaints/sentComplaints 159.936 ms
GET /upload/profilepic-1680629383395.png 2.359 ms
GET /upload/profilepic-1680629383395.png 2.773 ms
GET /upload/profilepic-1680629383395.png 1.658 ms
GET /messages/sentMessages 0.541 ms
GET /messages/sentMessages 0.512 ms
GET /complaints/sentComplaints 626.606 ms
GET /complaints/sentComplaints 190.315 ms
GET /admins/Kadapa 56.321 ms
GET /admins/Kadapa 53.463 ms
GET /complaints/draftComplaints 128.462 ms
GET /complaints/draftComplaints 96.844 ms
GET /messages/sentMessages 0.497 ms
GET /messages/sentMessages 0.404 ms
GET /complaints/sentComplaints 167.343 ms
GET /complaints/sentComplaints 152.634 ms
GET /messages/sentMessages 0.527 ms
GET /messages/sentMessages 0.358 ms
GET /complaints/sentComplaints 560.899 ms
GET /complaints/sentComplaints 119.010 ms
GET /messages/sentMessages 0.671 ms
GET /messages/sentMessages 0.686 ms
GET /complaints/sentComplaints 158.851 ms
GET /complaints/sentComplaints 147.867 ms
GET /messages/sentMessages 0.485 ms
GET /messages/sentMessages 0.577 ms
GET /complaints/sentComplaints 677.126 ms
GET /complaints/sentComplaints 181.299 ms
GET /messages/sentMessages 0.437 ms
GET /messages/sentMessages 0.340 ms
GET /complaints/sentComplaints 179.073 ms
GET /complaints/sentComplaints 176.191 ms
GET /messages/sentMessages 0.432 ms
GET /messages/sentMessages 0.457 ms
GET /complaints/sentComplaints 183.916 ms
GET /complaints/sentComplaints 170.567 ms
GET /messages/sentMessages 0.299 ms
GET /messages/sentMessages 0.439 ms
GET /complaints/sentComplaints 172.659 ms
GET /complaints/sentComplaints 165.875 ms
GET /upload/profilepic-1680629383395.png 2.495 ms
GET /upload/profilepic-1680629383395.png 2.314 ms
GET /upload/profilepic-1680629383395.png 1.622 ms
GET /admins/Kadapa 76.304 ms
GET /complaints/draftComplaints 92.279 ms
GET /admins/Kadapa 66.007 ms
GET /complaints/draftComplaints 97.352 ms
GET /messages/sentMessages 0.492 ms
GET /messages/sentMessages 0.760 ms
GET /complaints/sentComplaints 152.973 ms
GET /complaints/sentComplaints 168.845 ms
GET /messages/sentMessages 0.319 ms
GET /messages/sentMessages 0.372 ms
GET /complaints/sentComplaints 175.725 ms
GET /complaints/sentComplaints 173.866 ms
GET /messages/sentMessages 0.216 ms
GET /messages/sentMessages 0.331 ms
GET /complaints/sentComplaints 3029.331 ms
GET /complaints/sentComplaints 163.398 ms
GET /messages/sentMessages 0.156 ms
GET /messages/sentMessages 0.130 ms
GET /complaints/sentComplaints 848.554 ms
GET /complaints/sentComplaints 542.520 ms
GET /upload/profilepic-1680629383395.png 1.674 ms
GET /upload/profilepic-1680629383395.png 1.342 ms
GET /upload/profilepic-1680629383395.png 2.246 ms
GET /messages/sentMessages 0.148 ms
GET /complaints/sentComplaints 0.693 ms
GET /messages/sentMessages 0.181 ms
GET /complaints/sentComplaints 0.610 ms
POST /lg/login 392.729 ms
GET /messages/sentMessages 0.239 ms
GET /messages/sentMessages 0.399 ms
GET /complaints/sentComplaints 167.510 ms
GET /complaints/sentComplaints 165.643 ms
GET /complaints/uploads/attachments-1680532248760.jpg 1.584 ms
GET /complaints/uploads/attachments-1680532248760.jpg 1.235 ms
GET /messages/sentMessages 0.258 ms
GET /messages/sentMessages 0.197 ms
GET /complaints/sentComplaints 182.786 ms
GET /complaints/sentComplaints 165.597 ms
GET /complaints/uploads/attachments-1680512051105.png 7.217 ms
GET /complaints/uploads/attachments-1680512051105.png 1.268 ms
GET /complaints/uploads/attachments-1680512051074.png 8.904 ms
GET /complaints/uploads/attachments-1680512051074.png 1.787 ms
GET /complaints/uploads/attachments-1680512051105.png 2.035 ms
GET /complaints/uploads/attachments-1680512051105.png 6.926 ms
GET /complaints/uploads/attachments-1680512051074.png 1.681 ms
GET /complaints/uploads/attachments-1680512051074.png 2.674 ms
GET /messages/sentMessages 0.211 ms
GET /messages/sentMessages 0.332 ms
GET /complaints/sentComplaints 164.622 ms
GET /complaints/sentComplaints 163.140 ms
GET /admins/Kadapa 59.318 ms
GET /complaints/draftComplaints 82.259 ms
GET /admins/Kadapa 57.144 ms
GET /complaints/draftComplaints 84.844 ms
GET /messages/sentMessages 0.229 ms
GET /messages/sentMessages 0.192 ms
GET /complaints/sentComplaints 155.566 ms
GET /complaints/sentComplaints 185.750 ms
GET /messages/sentMessages 0.221 ms
GET /messages/sentMessages 0.269 ms
GET /complaints/sentComplaints 165.291 ms
GET /complaints/sentComplaints 160.466 ms
GET /complaints/uploads/attachments-1680512051105.png 3.718 ms
GET /complaints/uploads/attachments-1680512051105.png 6.162 ms
GET /complaints/uploads/attachments-1680512051074.png 2.874 ms
GET /complaints/uploads/attachments-1680512051074.png 7.882 ms
GET /messages/sentMessages 0.664 ms
GET /messages/sentMessages 0.464 ms
GET /complaints/sentComplaints 213.181 ms
GET /complaints/sentComplaints 195.186 ms
GET /admins/Kadapa 101.673 ms
GET /complaints/draftComplaints 115.075 ms
GET /admins/Kadapa 71.494 ms
GET /complaints/draftComplaints 116.202 ms
POST /complaints/send 146.931 ms
POST /complaints/send 127.734 ms
GET /messages/sentMessages 0.588 ms
GET /messages/sentMessages 0.424 ms
GET /complaints/sentComplaints 186.386 ms
GET /complaints/sentComplaints 203.651 ms
GET /admins/Kadapa 100.317 ms
GET /complaints/draftComplaints 121.131 ms
GET /admins/Kadapa 73.341 ms
GET /complaints/draftComplaints 140.607 ms
GET /messages/sentMessages 0.519 ms
GET /messages/sentMessages 0.624 ms
GET /complaints/sentComplaints 193.590 ms
GET /complaints/sentComplaints 198.662 ms
GET /docs/ 11.613 ms
GET /docs/swagger-ui.css 7.264 ms
GET /docs/swagger-ui-bundle.js 5.735 ms
GET /docs/swagger-ui-standalone-preset.js 1.545 ms
GET /docs/swagger-ui-init.js 0.652 ms
GET /docs/favicon-32x32.png 1.464 ms
GET /messages/sentMessages 4.583 ms
GET /complaints/sentComplaints 5.087 ms
GET /messages/sentMessages 2.618 ms
POST /lg/register 639.427 ms
POST /lg/login 414.662 ms
GET /messages/sentMessages 0.519 ms
GET /messages/sentMessages 0.470 ms
GET /complaints/sentComplaints 195.334 ms
GET /complaints/sentComplaints 207.484 ms
GET /complaints/uploads/attachments-1680512051105.png 2.954 ms
GET /complaints/uploads/attachments-1680512051105.png 5.877 ms
GET /complaints/uploads/attachments-1680512051074.png 3.694 ms
GET /complaints/uploads/attachments-1680512051074.png 2.944 ms
GET /messages/sentMessages 0.273 ms
GET /messages/sentMessages 0.329 ms
GET /complaints/sentComplaints 179.688 ms
GET /complaints/sentComplaints 218.491 ms
GET /messages/sentMessages 0.333 ms
GET /messages/sentMessages 0.314 ms
GET /complaints/sentComplaints 181.263 ms
GET /complaints/sentComplaints 163.761 ms
GET /admins/Kadapa 422.637 ms
GET /admins/Kadapa 53.878 ms
GET /complaints/draftComplaints 522.692 ms
GET /complaints/draftComplaints 121.490 ms
POST /complaints/draft 267.406 ms
GET /messages/sentMessages 3.738 ms
GET /messages/sentMessages 2.047 ms
GET /complaints/sentComplaints 382.624 ms
GET /complaints/sentComplaints 321.912 ms
GET /admins/Kadapa 62.376 ms
GET /complaints/draftComplaints 86.188 ms
GET /admins/Kadapa 65.362 ms
GET /complaints/draftComplaints 97.823 ms
DELETE /complaints/undefined 0.177 ms
GET /messages/sentMessages 0.911 ms
GET /messages/sentMessages 0.328 ms
GET /complaints/sentComplaints 148.996 ms
GET /complaints/sentComplaints 170.475 ms
GET /admins/Kadapa 62.228 ms
GET /complaints/draftComplaints 89.353 ms
GET /admins/Kadapa 61.410 ms
GET /complaints/draftComplaints 85.647 ms
DELETE /complaints/undefined 0.207 ms
GET /messages/sentMessages 0.264 ms
GET /messages/sentMessages 0.461 ms
GET /complaints/sentComplaints 312.662 ms
GET /complaints/sentComplaints 335.755 ms
GET /admins/Kadapa 67.800 ms
GET /complaints/draftComplaints 100.288 ms
GET /admins/Kadapa 59.912 ms
GET /complaints/draftComplaints 90.753 ms
DELETE /complaints/undefined 0.155 ms
GET /messages/sentMessages 0.292 ms
GET /messages/sentMessages 0.299 ms
GET /complaints/sentComplaints 139.307 ms
GET /complaints/sentComplaints 167.853 ms
GET /admins/Kadapa 64.568 ms
GET /complaints/draftComplaints 86.539 ms
GET /admins/Kadapa 44.850 ms
GET /complaints/draftComplaints 110.300 ms
DELETE /complaints/undefined 0.186 ms
GET /messages/sentMessages 0.388 ms
GET /messages/sentMessages 0.371 ms
GET /complaints/sentComplaints 173.150 ms
GET /complaints/sentComplaints 168.830 ms
GET /admins/Kadapa 70.781 ms
GET /complaints/draftComplaints 110.685 ms
GET /admins/Kadapa 60.302 ms
GET /complaints/draftComplaints 128.917 ms
DELETE /complaints/undefined 0.183 ms
GET /admins/Kadapa 43.053 ms
GET /admins/Kadapa 43.542 ms
GET /complaints/draftComplaints 113.497 ms
GET /complaints/draftComplaints 108.248 ms
GET /messages/sentMessages 0.298 ms
GET /messages/sentMessages 0.260 ms
GET /complaints/sentComplaints 260.741 ms
GET /complaints/sentComplaints 225.420 ms
GET /admins/Kadapa 83.721 ms
GET /complaints/draftComplaints 108.442 ms
GET /admins/Kadapa 70.804 ms
GET /complaints/draftComplaints 94.468 ms
GET /messages/sentMessages 0.166 ms
GET /messages/sentMessages 0.213 ms
GET /complaints/sentComplaints 184.168 ms
GET /complaints/sentComplaints 250.037 ms
GET /admins/Kadapa 66.481 ms
GET /admins/Kadapa 89.947 ms
GET /complaints/draftComplaints 173.764 ms
GET /complaints/draftComplaints 141.683 ms
POST /complaints/draft 564.352 ms
GET /messages/sentMessages 0.240 ms
GET /messages/sentMessages 0.424 ms
GET /complaints/sentComplaints 252.037 ms
GET /complaints/sentComplaints 180.080 ms
GET /admins/Kadapa 81.164 ms
GET /complaints/draftComplaints 182.061 ms
GET /admins/Kadapa 146.426 ms
GET /complaints/draftComplaints 133.002 ms
PUT /complaints/send/642c69f43f2959680bc86f4b 160.105 ms
GET /messages/sentMessages 0.204 ms
GET /messages/sentMessages 0.256 ms
GET /complaints/sentComplaints 354.337 ms
GET /complaints/sentComplaints 184.702 ms
GET /admins/Kadapa 93.652 ms
GET /complaints/draftComplaints 123.248 ms
GET /admins/Kadapa 61.258 ms
GET /complaints/draftComplaints 89.798 ms
GET /messages/sentMessages 0.243 ms
GET /messages/sentMessages 0.338 ms
GET /complaints/sentComplaints 188.891 ms
GET /complaints/sentComplaints 206.831 ms
GET /messages/sentMessages 0.488 ms
GET /messages/sentMessages 0.477 ms
GET /complaints/sentComplaints 210.096 ms
GET /complaints/sentComplaints 192.788 ms
GET /messages/sentMessages 0.451 ms
GET /complaints/sentComplaints 1.373 ms
GET /messages/sentMessages 0.401 ms
GET /complaints/sentComplaints 1.374 ms
POST /lg/login 862.151 ms
GET /messages/sentMessages 0.284 ms
GET /messages/sentMessages 0.432 ms
GET /complaints/sentComplaints 177.266 ms
GET /complaints/sentComplaints 174.536 ms
GET /messages/sentMessages 0.449 ms
GET /complaints/sentComplaints 1.389 ms
GET /messages/sentMessages 0.558 ms
GET /complaints/sentComplaints 1.610 ms
POST /lg/sendpasswordlink 3197.403 ms
POST /lg/login 811.753 ms
GET /messages/sentMessages 0.261 ms
GET /messages/sentMessages 0.378 ms
GET /complaints/sentComplaints 185.210 ms
GET /complaints/sentComplaints 187.113 ms
GET /messages/sentMessages 0.411 ms
GET /complaints/sentComplaints 1.259 ms
GET /messages/sentMessages 0.511 ms
GET /complaints/sentComplaints 1.447 ms
POST /lg/sendpasswordlink 2711.852 ms
POST /lg/sendpasswordlink 75.824 ms
POST /lg/sendpasswordlink 3141.755 ms
POST /lg/sendpasswordlink - ms
POST /lg/sendpasswordlink 2765.746 ms
POST /lg/sendpasswordlink 2510.367 ms
POST /lg/login 900.943 ms
GET /messages/sentMessages 4.311 ms
GET /messages/sentMessages 1.704 ms
GET /complaints/sentComplaints 192.454 ms
GET /complaints/sentComplaints 185.412 ms
GET /admins/Kadapa 89.771 ms
GET /complaints/draftComplaints 109.375 ms
GET /admins/Kadapa 72.649 ms
GET /complaints/draftComplaints 111.648 ms
POST /complaints/draft 453.362 ms
GET /messages/sentMessages 0.802 ms
GET /messages/sentMessages 1.364 ms
GET /complaints/sentComplaints 162.347 ms
GET /complaints/sentComplaints 196.473 ms
GET /messages/sentMessages 0.856 ms
GET /messages/sentMessages 0.867 ms
GET /complaints/sentComplaints 187.477 ms
GET /complaints/sentComplaints 180.737 ms
GET /admins/Kadapa 115.208 ms
GET /complaints/draftComplaints 123.413 ms
GET /admins/Kadapa 76.124 ms
GET /complaints/draftComplaints 117.112 ms
GET /messages/sentMessages 0.874 ms
GET /messages/sentMessages 1.005 ms
GET /complaints/sentComplaints 159.827 ms
GET /complaints/sentComplaints 179.851 ms
GET /admins/Kadapa 91.295 ms
GET /complaints/draftComplaints 104.908 ms
GET /admins/Kadapa 71.895 ms
GET /complaints/draftComplaints 120.558 ms
PUT /complaints/send/642c85c1c259cb2d4f36231e 226.001 ms
GET /messages/sentMessages 1.320 ms
GET /messages/sentMessages 0.904 ms
GET /complaints/sentComplaints 171.584 ms
GET /complaints/sentComplaints 181.673 ms
GET /messages/sentMessages 0.543 ms
GET /complaints/sentComplaints 1.620 ms
GET /messages/sentMessages 0.700 ms
GET /complaints/sentComplaints 1.719 ms
POST /lg/register 951.349 ms
POST /lg/login 340.707 ms
GET /messages/sentMessages 3.771 ms
GET /messages/sentMessages 0.867 ms
GET /complaints/sentComplaints 191.430 ms
GET /complaints/sentComplaints 157.612 ms
GET /messages/sentMessages 0.856 ms
GET /complaints/sentComplaints 1.378 ms
POST /lg/register 619.808 ms
POST /lg/sendpasswordlink 2920.937 ms
GET /forgotpassword/642c8a5dba1571b8c3a04c17/eyJhbGciOiJIUzI1NiIsInR5cCI6IkpXVCJ9.eyJfaWQiOiI2NDJjOGE1ZGJhMTU3MWI4YzNhMDRjMTciLCJpYXQiOjE2ODA2NDA2MTYsImV4cCI6MTY4MDY0MDczNn0.4YCflaGt99YIpP3jki4GNT63MNMwjz7eiGTlDTCQIjg 0.564 ms
GET /forgotpassword/642c8a5dba1571b8c3a04c17/eyJhbGciOiJIUzI1NiIsInR5cCI6IkpXVCJ9.eyJfaWQiOiI2NDJjOGE1ZGJhMTU3MWI4YzNhMDRjMTciLCJpYXQiOjE2ODA2NDA2MTYsImV4cCI6MTY4MDY0MDczNn0.4YCflaGt99YIpP3jki4GNT63MNMwjz7eiGTlDTCQIjg 0.660 ms
POST /lg/642c8a5dba1571b8c3a04c17/eyJhbGciOiJIUzI1NiIsInR5cCI6IkpXVCJ9.eyJfaWQiOiI2NDJjOGE1ZGJhMTU3MWI4YzNhMDRjMTciLCJpYXQiOjE2ODA2NDA2MTYsImV4cCI6MTY4MDY0MDczNn0.4YCflaGt99YIpP3jki4GNT63MNMwjz7eiGTlDTCQIjg 44.893 ms
POST /lg/sendpasswordlink 2974.775 ms
GET /forgotpassword/642c8a5dba1571b8c3a04c17/eyJhbGciOiJIUzI1NiIsInR5cCI6IkpXVCJ9.eyJfaWQiOiI2NDJjOGE1ZGJhMTU3MWI4YzNhMDRjMTciLCJpYXQiOjE2ODA2NDA3NjMsImV4cCI6MTY4MDY0MDg4M30.b3AtH2xnbWMVvFNxr27zRzqykSL6R9DdGU9HcK11Otg 0.513 ms
GET /forgotpassword/642c8a5dba1571b8c3a04c17/eyJhbGciOiJIUzI1NiIsInR5cCI6IkpXVCJ9.eyJfaWQiOiI2NDJjOGE1ZGJhMTU3MWI4YzNhMDRjMTciLCJpYXQiOjE2ODA2NDA3NjMsImV4cCI6MTY4MDY0MDg4M30.b3AtH2xnbWMVvFNxr27zRzqykSL6R9DdGU9HcK11Otg 0.242 ms
POST /lg/642c8a5dba1571b8c3a04c17/eyJhbGciOiJIUzI1NiIsInR5cCI6IkpXVCJ9.eyJfaWQiOiI2NDJjOGE1ZGJhMTU3MWI4YzNhMDRjMTciLCJpYXQiOjE2ODA2NDA3NjMsImV4cCI6MTY4MDY0MDg4M30.b3AtH2xnbWMVvFNxr27zRzqykSL6R9DdGU9HcK11Otg 340.819 ms
POST /lg/login 352.512 ms
GET /messages/sentMessages 0.478 ms
GET /messages/sentMessages 0.524 ms
GET /complaints/sentComplaints 91.740 ms
GET /complaints/sentComplaints 92.310 ms
POST /lg/login 877.466 ms
GET /messages/sentMessages 1.543 ms
GET /messages/sentMessages 1.089 ms
GET /complaints/sentComplaints 152.385 ms
GET /complaints/sentComplaints 143.793 ms
GET /admins/Kadapa 65.834 ms
GET /complaints/draftComplaints 83.677 ms
GET /admins/Kadapa 45.896 ms
GET /complaints/draftComplaints 72.984 ms
DELETE /complaints/093b840f-7687-971e-6224-1b1fe5c938fc 1.270 ms
DELETE /complaints/85bdd94c-b23c-1bbf-ff0c-5b02bcfb6755 0.819 ms
GET /messages/sentMessages 0.388 ms
GET /messages/sentMessages 0.459 ms
GET /complaints/sentComplaints 135.503 ms
GET /complaints/sentComplaints 140.932 ms
GET /messages/sentMessages 0.680 ms
GET /complaints/sentComplaints 1.266 ms
GET /messages/sentMessages 0.586 ms
GET /complaints/sentComplaints 1.123 ms
POST /lg/register 573.677 ms
POST /lg/login 338.015 ms
GET /messages/sentMessages 0.885 ms
GET /messages/sentMessages 0.371 ms
GET /complaints/sentComplaints 98.857 ms
GET /complaints/sentComplaints 82.342 ms
GET /admins/Kadapa 79.205 ms
GET /complaints/draftComplaints 107.699 ms
GET /admins/Kadapa 72.382 ms
GET /complaints/draftComplaints 93.620 ms
POST /complaints/draft 211.843 ms
GET /messages/sentMessages 0.726 ms
GET /messages/sentMessages 0.526 ms
GET /complaints/sentComplaints 79.270 ms
GET /complaints/sentComplaints 82.258 ms
GET /admins/Kadapa 52.273 ms
GET /admins/Kadapa 41.546 ms
GET /complaints/draftComplaints 104.265 ms
GET /complaints/draftComplaints 84.779 ms
PUT /complaints/send/642c8d1b3d85ecf781c221ff 158.703 ms
GET /messages/sentMessages 1.043 ms
GET /messages/sentMessages 0.391 ms
GET /complaints/sentComplaints 125.070 ms
GET /complaints/sentComplaints 126.079 ms
GET /complaints/uploads/attachments-1680641328337.png 1.892 ms
GET /complaints/uploads/attachments-1680641328337.png 1.359 ms
GET /admins/Kadapa 62.540 ms
GET /complaints/draftComplaints 88.292 ms
GET /admins/Kadapa 42.087 ms
GET /complaints/draftComplaints 82.950 ms
GET /messages/sentMessages 0.461 ms
GET /messages/sentMessages 0.376 ms
GET /complaints/sentComplaints 140.665 ms
GET /complaints/sentComplaints 125.032 ms
GET /admins/Kadapa 59.932 ms
GET /complaints/draftComplaints 79.742 ms
GET /admins/Kadapa 51.119 ms
GET /complaints/draftComplaints 87.682 ms
POST /complaints/send 99.892 ms
GET /messages/sentMessages 0.470 ms
GET /messages/sentMessages 0.335 ms
GET /complaints/sentComplaints 128.530 ms
GET /complaints/sentComplaints 129.138 ms
GET /upload/undefined 0.840 ms
GET /upload/undefined 0.717 ms
GET /upload/undefined 0.930 ms
GET /upload/undefined 0.629 ms
GET /upload/undefined 0.580 ms
GET /upload/undefined 0.942 ms
GET /upload/undefined 0.646 ms
GET /upload/undefined 0.585 ms
GET /upload/undefined 0.981 ms
GET /upload/undefined 4.566 ms
GET /upload/undefined 0.642 ms
GET /upload/undefined 0.919 ms
GET /upload/undefined 0.432 ms
GET /upload/undefined 0.527 ms
GET /upload/undefined 1.132 ms
GET /upload/undefined 0.654 ms
GET /upload/undefined 0.561 ms
PUT /user/update 129.500 ms
GET /upload/undefined 1.631 ms
GET /admins/Kadapa 55.268 ms
GET /complaints/draftComplaints 70.129 ms
GET /admins/Kadapa 58.814 ms
GET /complaints/draftComplaints 80.784 ms
GET /messages/sentMessages 0.371 ms
GET /messages/sentMessages 0.502 ms
GET /complaints/sentComplaints 142.875 ms
GET /complaints/sentComplaints 125.619 ms
GET /messages/sentMessages 0.451 ms
GET /complaints/sentComplaints 0.999 ms
GET /complaints/sentComplaints 0.755 ms
GET /messages/sentMessages 0.479 ms
POST /lg/sendpasswordlink 2632.873 ms
GET /forgotpassword/642c8a5dba1571b8c3a04c17/eyJhbGciOiJIUzI1NiIsInR5cCI6IkpXVCJ9.eyJfaWQiOiI2NDJjOGE1ZGJhMTU3MWI4YzNhMDRjMTciLCJpYXQiOjE2ODA2NDE0NDgsImV4cCI6MTY4MDY0MTU2OH0.qjH1-awIxnY9jzLwtX_lf7vPp8neOESeCrP6Crt5d8U 0.296 ms
GET /forgotpassword/642c8a5dba1571b8c3a04c17/eyJhbGciOiJIUzI1NiIsInR5cCI6IkpXVCJ9.eyJfaWQiOiI2NDJjOGE1ZGJhMTU3MWI4YzNhMDRjMTciLCJpYXQiOjE2ODA2NDE0NDgsImV4cCI6MTY4MDY0MTU2OH0.qjH1-awIxnY9jzLwtX_lf7vPp8neOESeCrP6Crt5d8U 0.210 ms
POST /lg/642c8a5dba1571b8c3a04c17/eyJhbGciOiJIUzI1NiIsInR5cCI6IkpXVCJ9.eyJfaWQiOiI2NDJjOGE1ZGJhMTU3MWI4YzNhMDRjMTciLCJpYXQiOjE2ODA2NDE0NDgsImV4cCI6MTY4MDY0MTU2OH0.qjH1-awIxnY9jzLwtX_lf7vPp8neOESeCrP6Crt5d8U 336.256 ms
GET /messages/sentMessages 0.165 ms
GET /messages/sentMessages 0.155 ms
GET /complaints/sentComplaints 83.699 ms
GET /complaints/sentComplaints 84.324 ms
GET /messages/sentMessages 0.279 ms
GET /complaints/sentComplaints 2.151 ms
GET /complaints/sentComplaints 0.982 ms
GET /messages/sentMessages 0.449 ms
POST /lg/login 343.006 ms
GET /messages/sentMessages 0.391 ms
GET /messages/sentMessages 0.283 ms
GET /complaints/sentComplaints 99.152 ms
GET /complaints/sentComplaints 94.498 ms
GET /messages/sentMessages 0.291 ms
GET /complaints/sentComplaints 1.135 ms
GET /messages/sentMessages 0.261 ms
GET /complaints/sentComplaints 0.977 ms
